<?xml version="1.0" encoding="UTF-8"?>
<!-- Generated by org.testng.reporters.JUnitReportReporter -->
<testsuite skipped="0" hostname="DESKTOP-40BDOT5" name="com.mocotms.core_release.Test.learning.trainers.TrainersTest" tests="1" failures="0" timestamp="27 сен 2017 08:56:10 GMT" time="14.909" errors="0">
  <testcase name="addTrainer" time="14.909" classname="com.mocotms.core_release.Test.learning.trainers.TrainersTest"/>
</testsuite> <!-- com.mocotms.core_release.Test.learning.trainers.TrainersTest -->
