<?xml version="1.0" encoding="UTF-8"?>
<!-- Generated by org.testng.reporters.JUnitReportReporter -->
<testsuite skipped="0" hostname="DESKTOP-40BDOT5" name="com.mocotms.core_release.Test.organization.Configurations" tests="1" failures="0" timestamp="27 сен 2017 08:56:10 GMT" time="28.672" errors="0">
  <testcase name="setBrowser" time="28.672" classname="com.mocotms.core_release.Test.organization.Configurations"/>
</testsuite> <!-- com.mocotms.core_release.Test.organization.Configurations -->
