<?xml version="1.0" encoding="UTF-8"?>
<!-- Generated by org.testng.reporters.JUnitReportReporter -->
<testsuite skipped="0" hostname="DESKTOP-40BDOT5" name="com.mocotms.core_release.Test.organization.structure.DepartmentTest" tests="3" failures="0" timestamp="27 сен 2017 08:56:10 GMT" time="22.370" errors="0">
  <testcase name="createDepartment" time="7.212" classname="com.mocotms.core_release.Test.organization.structure.DepartmentTest"/>
  <testcase name="editDepartment" time="8.563" classname="com.mocotms.core_release.Test.organization.structure.DepartmentTest"/>
  <testcase name="deleteDepartment" time="6.595" classname="com.mocotms.core_release.Test.organization.structure.DepartmentTest"/>
</testsuite> <!-- com.mocotms.core_release.Test.organization.structure.DepartmentTest -->
