<?xml version="1.0" encoding="UTF-8"?>
<!-- Generated by org.testng.reporters.JUnitReportReporter -->
<testsuite skipped="0" hostname="DESKTOP-40BDOT5" name="com.mocotms.core_release.Test.organization.posts.PostTest" tests="3" failures="0" timestamp="27 сен 2017 08:56:10 GMT" time="36.714" errors="0">
  <testcase name="createPost" time="8.173" classname="com.mocotms.core_release.Test.organization.posts.PostTest"/>
  <testcase name="editPost" time="16.736" classname="com.mocotms.core_release.Test.organization.posts.PostTest"/>
  <testcase name="deletePost" time="11.805" classname="com.mocotms.core_release.Test.organization.posts.PostTest"/>
</testsuite> <!-- com.mocotms.core_release.Test.organization.posts.PostTest -->
