<?xml version="1.0" encoding="UTF-8"?>
<!-- Generated by org.testng.reporters.JUnitReportReporter -->
<testsuite skipped="0" hostname="DESKTOP-40BDOT5" name="com.mocotms.core_release.Test.organization.user.EmployeeTest" tests="3" failures="0" timestamp="27 сен 2017 08:56:10 GMT" time="48.049" errors="0">
  <testcase name="createNewUser" time="15.716" classname="com.mocotms.core_release.Test.organization.user.EmployeeTest"/>
  <testcase name="findCreatedUserName" time="10.925" classname="com.mocotms.core_release.Test.organization.user.EmployeeTest"/>
  <testcase name="deleteCreatedUser" time="21.408" classname="com.mocotms.core_release.Test.organization.user.EmployeeTest"/>
</testsuite> <!-- com.mocotms.core_release.Test.organization.user.EmployeeTest -->
