<?xml version="1.0" encoding="UTF-8"?>
<!-- Generated by org.testng.reporters.JUnitReportReporter -->
<testsuite skipped="0" hostname="DESKTOP-40BDOT5" name="com.mocotms.core_release.Test.organization.chief.ChiefTest" tests="5" failures="1" timestamp="27 сен 2017 08:56:11 GMT" time="56.651" errors="0">
  <testcase name="deleteChief" time="6.894" classname="com.mocotms.core_release.Test.organization.chief.ChiefTest">
    <failure type="com.codeborne.selenide.ex.ElementShould" message="Element should be visible {By.xpath: //*[@id=&#039;moco-config-chiefs-index&#039;]/div[12]/div[3]/div/button[1]}
Element: &#039;&lt;button class=&quot;ui-button ui-widget ui-state-default ui-corner-all ui-button-text-only&quot; role=&quot;button&quot; type=&quot;button&quot; displayed:false&gt;&lt;/button&gt;&#039;">
      <![CDATA[Element should be visible {By.xpath: //*[@id='moco-config-chiefs-index']/div[12]/div[3]/div/button[1]}
Element: '<button class="ui-button ui-widget ui-state-default ui-corner-all ui-button-text-only" role="button" type="button" displayed:false></button>'
Screenshot: file:/C:/Users/Святослав/moco0xtest/build/reports/tests/1506502418954.0.png
Timeout: 4 s.
	at com.codeborne.selenide.impl.WebElementSource.checkCondition(WebElementSource.java:66)
	at com.codeborne.selenide.impl.WebElementSource.findAndAssertElementIsVisible(WebElementSource.java:72)
	at com.codeborne.selenide.commands.Click.execute(Click.java:14)
	at com.codeborne.selenide.commands.Click.execute(Click.java:11)
	at com.codeborne.selenide.commands.Commands.execute(Commands.java:143)
	at com.codeborne.selenide.impl.SelenideElementProxy.dispatchAndRetry(SelenideElementProxy.java:87)
	at com.codeborne.selenide.impl.SelenideElementProxy.invoke(SelenideElementProxy.java:63)
	at com.sun.proxy.$Proxy2.click(Unknown Source)
	at com.mocotms.core_release.Test.organization.chief.ChiefTest.deleteChief(ChiefTest.java:53)
	at sun.reflect.NativeMethodAccessorImpl.invoke0(Native Method)
	at sun.reflect.NativeMethodAccessorImpl.invoke(NativeMethodAccessorImpl.java:62)
	at sun.reflect.DelegatingMethodAccessorImpl.invoke(DelegatingMethodAccessorImpl.java:43)
	at java.lang.reflect.Method.invoke(Method.java:498)
	at org.testng.internal.MethodInvocationHelper.invokeMethod(MethodInvocationHelper.java:108)
	at org.testng.internal.Invoker.invokeMethod(Invoker.java:661)
	at org.testng.internal.Invoker.invokeTestMethod(Invoker.java:869)
	at org.testng.internal.Invoker.invokeTestMethods(Invoker.java:1193)
	at org.testng.internal.TestMethodWorker.invokeTestMethods(TestMethodWorker.java:126)
	at org.testng.internal.TestMethodWorker.run(TestMethodWorker.java:109)
	at org.testng.TestRunner.privateRun(TestRunner.java:744)
	at org.testng.TestRunner.run(TestRunner.java:602)
	at org.testng.SuiteRunner.runTest(SuiteRunner.java:380)
	at org.testng.SuiteRunner.runSequentially(SuiteRunner.java:375)
	at org.testng.SuiteRunner.privateRun(SuiteRunner.java:340)
	at org.testng.SuiteRunner.run(SuiteRunner.java:289)
	at org.testng.SuiteRunnerWorker.runSuite(SuiteRunnerWorker.java:52)
	at org.testng.SuiteRunnerWorker.run(SuiteRunnerWorker.java:86)
	at org.testng.TestNG.runSuitesSequentially(TestNG.java:1301)
	at org.testng.TestNG.runSuitesLocally(TestNG.java:1226)
	at org.testng.TestNG.runSuites(TestNG.java:1144)
	at org.testng.TestNG.run(TestNG.java:1115)
	at org.apache.maven.surefire.testng.TestNGExecutor.run(TestNGExecutor.java:283)
	at org.apache.maven.surefire.testng.TestNGXmlTestSuite.execute(TestNGXmlTestSuite.java:75)
	at org.apache.maven.surefire.testng.TestNGProvider.invoke(TestNGProvider.java:120)
	at org.apache.maven.surefire.booter.ForkedBooter.invokeProviderInSameClassLoader(ForkedBooter.java:373)
	at org.apache.maven.surefire.booter.ForkedBooter.runSuitesInProcess(ForkedBooter.java:334)
	at org.apache.maven.surefire.booter.ForkedBooter.execute(ForkedBooter.java:119)
	at org.apache.maven.surefire.booter.ForkedBooter.main(ForkedBooter.java:407)
]]>
    </failure>
  </testcase> <!-- deleteChief -->
  <testcase name="createNewUserChief" time="15.082" classname="com.mocotms.core_release.Test.organization.chief.ChiefTest"/>
  <testcase name="findAddedChief" time="0.670" classname="com.mocotms.core_release.Test.organization.chief.ChiefTest"/>
  <testcase name="addChief" time="11.969" classname="com.mocotms.core_release.Test.organization.chief.ChiefTest"/>
  <testcase name="deleteCreatedUserChief" time="22.036" classname="com.mocotms.core_release.Test.organization.chief.ChiefTest"/>
</testsuite> <!-- com.mocotms.core_release.Test.organization.chief.ChiefTest -->
