<?xml version="1.0" encoding="UTF-8"?>
<!-- Generated by org.testng.reporters.JUnitReportReporter -->
<testsuite skipped="0" hostname="DESKTOP-40BDOT5" name="com.mocotms.core_release.Test.organization.moderator.ModeratorTest" tests="3" failures="0" timestamp="27 сен 2017 08:56:10 GMT" time="47.782" errors="0">
  <testcase name="addModerator" time="11.733" classname="com.mocotms.core_release.Test.organization.moderator.ModeratorTest"/>
  <testcase name="createNewUserModerator" time="15.007" classname="com.mocotms.core_release.Test.organization.moderator.ModeratorTest"/>
  <testcase name="deleteCreatedUserModerator" time="21.042" classname="com.mocotms.core_release.Test.organization.moderator.ModeratorTest"/>
</testsuite> <!-- com.mocotms.core_release.Test.organization.moderator.ModeratorTest -->
